WARNING: A terminally deprecated method in sun.misc.Unsafe has been called
WARNING: sun.misc.Unsafe::arrayBaseOffset has been called by com.google.protobuf.UnsafeUtil$MemoryAccessor (file:/Users/Zechl/.cache/firebase/emulators/cloud-firestore-emulator-v1.20.2.jar)
WARNING: Please consider reporting this to the maintainers of class com.google.protobuf.UnsafeUtil$MemoryAccessor
WARNING: sun.misc.Unsafe::arrayBaseOffset will be removed in a future release
Dec 23, 2025 11:59:01 PM com.google.cloud.datastore.emulator.firestore.websocket.WebSocketServer start
INFO: Started WebSocket server on ws://127.0.0.1:9150
API endpoint: http://127.0.0.1:8080
If you are using a library that supports the FIRESTORE_EMULATOR_HOST environment variable, run:

   export FIRESTORE_EMULATOR_HOST=127.0.0.1:8080

If you are running a Firestore in Datastore Mode project, run:

   export DATASTORE_EMULATOR_HOST=127.0.0.1:8080

Note: Support for Datastore Mode is in preview. If you encounter any bugs please file at https://github.com/firebase/firebase-tools/issues.
Dev App Server is now running.

Dec 23, 2025 11:59:06 PM com.google.cloud.datastore.emulator.firestore.websocket.WebSocketChannelHandler initChannel
INFO: Connected to new websocket client
Dec 23, 2025 11:59:06 PM com.google.cloud.datastore.emulator.firestore.websocket.WebSocketChannelHandler initChannel
INFO: Connected to new websocket client
Dec 23, 2025 11:59:20 PM io.gapi.emulators.netty.HttpVersionRoutingHandler channelRead
INFO: Detected non-HTTP/2 connection.
Dec 23, 2025 11:59:20 PM io.gapi.emulators.netty.HttpVersionRoutingHandler channelRead
INFO: Detected non-HTTP/2 connection.
Dec 23, 2025 11:59:20 PM io.gapi.emulators.netty.HttpVersionRoutingHandler channelRead
INFO: Detected non-HTTP/2 connection.
Dec 23, 2025 11:59:27 PM io.gapi.emulators.netty.HttpVersionRoutingHandler channelRead
INFO: Detected non-HTTP/2 connection.
Dec 23, 2025 11:59:27 PM io.gapi.emulators.netty.HttpVersionRoutingHandler channelRead
INFO: Detected HTTP/2 connection.
Dec 23, 2025 11:59:27 PM com.google.cloud.datastore.emulator.impl.firestore.CloudFirestoreV1 exportData
INFO: Exporting emulator data to firebase-export-176656316768442VdUe/firestore_export
*** shutting down gRPC server since JVM is shutting down
251223 23:59:28.964:I 3 [main] [com.google.cloud.datastore.emulator.firestore.websocket.WebSocketServer.stop:80] Stopping WebSocket server...
*** server shut down
251223 23:59:28.965:I 42 [nioEventLoopGroup-3-1] [com.google.cloud.datastore.emulator.firestore.websocket.WebSocketChannelHandler.channelClosed:96] Websocket client disconnected
251223 23:59:28.966:I 43 [nioEventLoopGroup-3-2] [com.google.cloud.datastore.emulator.firestore.websocket.WebSocketChannelHandler.channelClosed:96] Websocket client disconnected
